<?xml version="1.0" encoding="UTF-8"?>
<testng-results skipped="0" failed="0" ignored="0" total="1" passed="1">
  <reporter-output>
  </reporter-output>
  <suite name="Suite" duration-ms="9852" started-at="2019-06-09T13:05:14Z" finished-at="2019-06-09T13:05:24Z">
    <groups>
    </groups>
    <test name="ChromeTest" duration-ms="9852" started-at="2019-06-09T13:05:14Z" finished-at="2019-06-09T13:05:24Z">
      <class name="testingPackage.TestCases">
        <test-method status="PASS" signature="beforeClass(java.lang.String)[pri:0, instance:testingPackage.TestCases@1d057a39]" name="beforeClass" is-config="true" duration-ms="6138" started-at="2019-06-09T13:05:14Z" finished-at="2019-06-09T13:05:21Z">
          <params>
            <param index="0">
              <value>
                <![CDATA[chrome]]>
              </value>
            </param>
          </params>
          <reporter-output>
          </reporter-output>
        </test-method> <!-- beforeClass -->
        <test-method status="PASS" signature="f()[pri:0, instance:testingPackage.TestCases@1d057a39]" name="f" duration-ms="3665" started-at="2019-06-09T13:05:21Z" finished-at="2019-06-09T13:05:24Z">
          <reporter-output>
          </reporter-output>
        </test-method> <!-- f -->
        <test-method status="PASS" signature="afterClass()[pri:0, instance:testingPackage.TestCases@1d057a39]" name="afterClass" is-config="true" duration-ms="1" started-at="2019-06-09T13:05:24Z" finished-at="2019-06-09T13:05:24Z">
          <reporter-output>
          </reporter-output>
        </test-method> <!-- afterClass -->
      </class> <!-- testingPackage.TestCases -->
    </test> <!-- ChromeTest -->
  </suite> <!-- Suite -->
</testng-results>
